Using pre-set license
Built from '2020.3/release' branch; Version is '2020.3.27f1 (e759542391ea) revision 15161684'; Using compiler version '192528614'; Build Type 'Release'
OS: 'Windows 10  (10.0.19042) 64bit CoreSingleLanguage' Language: 'es' Physical Memory: 8083 MB
BatchMode: 1, IsHumanControllingUs: 0, StartBugReporterOnCrash: 0, Is64bit: 1, IsPro: 0

COMMAND LINE ARGUMENTS:
D:\UNI\2020.3.27f1\Editor\Unity.exe
-adb2
-batchMode
-noUpm
-name
AssetImportWorker2
-projectPath
D:/UNI/2022-1/Simulaci贸n/Vectores que se mueven owo
-logFile
Logs/AssetImportWorker2.log
-srvPort
54476
Successfully changed project path to: D:/UNI/2022-1/Simulaci贸n/Vectores que se mueven owo
D:/UNI/2022-1/Simulaci贸n/Vectores que se mueven owo
Using Asset Import Pipeline V2.
Refreshing native plugins compatible for Editor in 75.76 ms, found 3 plugins.
Preloading 0 native plugins for Editor in 0.00 ms.
Initialize engine version: 2020.3.27f1 (e759542391ea)
[Subsystems] Discovering subsystems at path D:/UNI/2020.3.27f1/Editor/Data/Resources/UnitySubsystems
[Subsystems] Discovering subsystems at path D:/UNI/2022-1/Simulaci贸n/Vectores que se mueven owo/Assets
GfxDevice: creating device client; threaded=0
